Running Python2.7 (/opt/bin/python2.7) with the Tkinter library
/opt/bin/python2.7 gmmTest.py /home/sravana/data/cslu_fae_corpus/npz /home/sravana/data/cslu_fae_corpus/models 128 full AR CZ KO IN
Loaded compressed data for AR
Loaded compressed data for CZ
Loaded compressed data for KO
Loaded compressed data for IN
Testing 25 files from CZ
10 correct
Testing 28 files from AR
14 correct
Testing 43 files from KO
34 correct
Testing 24 files from IN
2 correct

Accuracy 50.0
********************
CZ confusion:
CZ: 40.00%
AR: 24.00%
KO: 28.00%
IN: 8.00%
********************
AR confusion:
CZ: 7.14%
AR: 50.00%
KO: 42.86%
IN: 0.00%
********************
KO confusion:
CZ: 9.30%
AR: 11.63%
KO: 79.07%
IN: 0.00%
********************
IN confusion:
CZ: 0.00%
AR: 25.00%
KO: 66.67%
IN: 8.33%
********************
