Running Python2.7 (/opt/bin/python2.7) with the Tkinter library
/opt/bin/python2.7 gmmTest.py /home/sravana/data/cslu_fae_corpus/npz /home/sravana/data/cslu_fae_corpus/models 256 full MA KO IN AR HI CZ FR
Loaded compressed data for MA
Loaded compressed data for KO
Loaded compressed data for IN
Loaded compressed data for AR
Loaded compressed data for HI
Loaded compressed data for CZ
Loaded compressed data for FR
Testing 71 files from FR
37 correct
Testing 70 files from MA
36 correct
Testing 43 files from KO
8 correct
Testing 25 files from CZ
0 correct
Testing 28 files from AR
0 correct
Testing 87 files from HI
62 correct
Testing 24 files from IN
0 correct

Accuracy 41.091954023
********************
FR confusion:
FR: 52.11%
MA: 16.90%
KO: 4.23%
CZ: 0.00%
AR: 0.00%
HI: 26.76%
IN: 0.00%
********************
MA confusion:
FR: 15.71%
MA: 51.43%
KO: 5.71%
CZ: 0.00%
AR: 0.00%
HI: 27.14%
IN: 0.00%
********************
KO confusion:
FR: 11.63%
MA: 39.53%
KO: 18.60%
CZ: 0.00%
AR: 2.33%
HI: 27.91%
IN: 0.00%
********************
CZ confusion:
FR: 24.00%
MA: 8.00%
KO: 0.00%
CZ: 0.00%
AR: 0.00%
HI: 68.00%
IN: 0.00%
********************
AR confusion:
FR: 10.71%
MA: 14.29%
KO: 0.00%
CZ: 0.00%
AR: 0.00%
HI: 75.00%
IN: 0.00%
********************
HI confusion:
FR: 10.34%
MA: 14.94%
KO: 3.45%
CZ: 0.00%
AR: 0.00%
HI: 71.26%
IN: 0.00%
********************
IN confusion:
FR: 4.17%
MA: 37.50%
KO: 12.50%
CZ: 0.00%
AR: 0.00%
HI: 45.83%
IN: 0.00%
********************
