Loaded compressed data for MA
Loaded compressed data for KO
Loaded compressed data for IN
Loaded compressed data for AR
Loaded compressed data for HI
Loaded compressed data for CZ
Loaded compressed data for FR
Testing 71 files from FR
34 correct
Testing 70 files from MA
39 correct
Testing 43 files from KO
13 correct
Testing 25 files from CZ
2 correct
Testing 28 files from AR
4 correct
Testing 87 files from HI
51 correct
Testing 24 files from IN
1 correct

Accuracy 41.3793103448
********************
FR confusion:
FR: 47.89%
MA: 22.54%
KO: 8.45%
CZ: 0.00%
AR: 7.04%
HI: 14.08%
IN: 0.00%
********************
MA confusion:
FR: 8.57%
MA: 55.71%
KO: 12.86%
CZ: 2.86%
AR: 0.00%
HI: 18.57%
IN: 1.43%
********************
KO confusion:
FR: 6.98%
MA: 37.21%
KO: 30.23%
CZ: 0.00%
AR: 2.33%
HI: 23.26%
IN: 0.00%
********************
CZ confusion:
FR: 12.00%
MA: 20.00%
KO: 4.00%
CZ: 8.00%
AR: 4.00%
HI: 52.00%
IN: 0.00%
********************
AR confusion:
FR: 17.86%
MA: 17.86%
KO: 3.57%
CZ: 0.00%
AR: 14.29%
HI: 46.43%
IN: 0.00%
********************
HI confusion:
FR: 4.60%
MA: 18.39%
KO: 12.64%
CZ: 1.15%
AR: 3.45%
HI: 58.62%
IN: 1.15%
********************
IN confusion:
FR: 4.17%
MA: 37.50%
KO: 20.83%
CZ: 0.00%
AR: 4.17%
HI: 29.17%
IN: 4.17%
********************
